
Showing logs for build [32mcb-kubecd-environment-pr-199-11-qt8b5-1[0m stage [32mfrom-build-pack[0m and container [32mstep-credential-initializer-dbvzw[0m
{"level":"warn","ts":1586738326.2359118,"logger":"fallback-logger","caller":"logging/config.go:69","msg":"Fetch GitHub commit ID from kodata failed: \"ref: refs/heads/0.8.0-**-support-backwards-incompats\" is not a valid GitHub commit ID"}
{"level":"info","ts":1586738326.2363386,"logger":"fallback-logger","caller":"creds-init/main.go:40","msg":"Credentials initialized."}

Showing logs for build [32mcb-kubecd-environment-pr-199-11-qt8b5-1[0m stage [32mfrom-build-pack[0m and container [32mstep-working-dir-initializer-89zzn[0m
{"level":"warn","ts":1586738327.2240992,"logger":"fallback-logger","caller":"logging/config.go:69","msg":"Fetch GitHub commit ID from kodata failed: open /var/run/ko/HEAD: no such file or directory"}
{"level":"info","ts":1586738327.2256286,"logger":"fallback-logger","caller":"bash/main.go:64","msg":"Successfully executed command \"sh -c mkdir -p /workspace/source\"; output "}

Showing logs for build [32mcb-kubecd-environment-pr-199-11-qt8b5-1[0m stage [32mfrom-build-pack[0m and container [32mstep-place-tools[0m

Showing logs for build [32mcb-kubecd-environment-pr-199-11-qt8b5-1[0m stage [32mfrom-build-pack[0m and container [32mstep-git-source-cb-kubecd-environment-pr-199-11-qt8b5-r2ml4[0m
{"level":"warn","ts":1586738330.3920221,"logger":"fallback-logger","caller":"logging/config.go:69","msg":"Fetch GitHub commit ID from kodata failed: \"ref: refs/heads/0.8.0-**-support-backwards-incompats\" is not a valid GitHub commit ID"}
{"level":"info","ts":1586738331.37984,"logger":"fallback-logger","caller":"git/git.go:103","msg":"Successfully cloned https://github.com/cb-kubecd/environment-pr-199-114-boot-vault-gke-staging.git @ master in path /workspace/source"}

Showing logs for build [32mcb-kubecd-environment-pr-199-11-qt8b5-1[0m stage [32mfrom-build-pack[0m and container [32mstep-git-merge[0m
Using SHAs from PULL_REFS=master:e8e573202f97c59c9d71c7aca3a7f1831f3bef8d,1:8fc099134fcd1423d87e88df946a0a9076fff288
DEBUG: LC_ALL=C JX_LOG_LEVEL=error git fetch origin --unshallow 8fc099134fcd1423d87e88df946a0a9076fff288: e8e573202f97c59c9d71c7aca3a7f1831f3bef8d:
DEBUG: ran git fetch --unshallow origin 8fc099134fcd1423d87e88df946a0a9076fff288: e8e573202f97c59c9d71c7aca3a7f1831f3bef8d: in 
DEBUG: JX_LOG_LEVEL=error LC_ALL=C git branch
DEBUG: LC_ALL=C JX_LOG_LEVEL=error git checkout master
DEBUG: ran git checkout master in 
DEBUG: LC_ALL=C JX_LOG_LEVEL=error git reset --hard e8e573202f97c59c9d71c7aca3a7f1831f3bef8d
DEBUG: ran git reset --hard e8e573202f97c59c9d71c7aca3a7f1831f3bef8d in 
DEBUG: LC_ALL=C JX_LOG_LEVEL=error git clean -fd .
DEBUG: ran clean --force -d . in 
DEBUG: LC_ALL=C JX_LOG_LEVEL=error git merge 8fc099134fcd1423d87e88df946a0a9076fff288
DEBUG: ran git merge 8fc099134fcd1423d87e88df946a0a9076fff288 in 
DEBUG: LC_ALL=C JX_LOG_LEVEL=error git log --format=%H%x1f%an%x1f%ae%x1f%cn%x1f%ce%x1f%s%n%b%x1e e8e573202f97c59c9d71c7aca3a7f1831f3bef8d..HEAD
Merged SHA 8fc099134fcd1423d87e88df946a0a9076fff288 with commit message 'chore: Promote bdd-spring-1586737932 to version 0.0.1' into base branch master

Showing logs for build [32mcb-kubecd-environment-pr-199-11-qt8b5-1[0m stage [32mfrom-build-pack[0m and container [32mstep-build-helm-build[0m
WARNING: No $CHART_REPOSITORY defined so using the default value of: http://jenkins-x-chartmuseum:8080
Adding missing Helm repo: storage.googleapis.com https://storage.googleapis.com/chartmuseum.jenkins-x.io
WARNING: No secrets found on "helm/repos" due: reading the secret "helm/repos" from vault: no secret "helm/repos" not found in vault
Read credentials for https://storage.googleapis.com/chartmuseum.jenkins-x.io from vault helm/repos
Successfully added Helm repository storage.googleapis.com.
Adding missing Helm repo: jenkins-x-chartmuseum http://jenkins-x-chartmuseum:8080
WARNING: No secrets found on "helm/repos" due: reading the secret "helm/repos" from vault: no secret "helm/repos" not found in vault
Read credentials for http://jenkins-x-chartmuseum:8080 from vault helm/repos
Successfully added Helm repository jenkins-x-chartmuseum.
WARNING: No $CHART_REPOSITORY defined so using the default value of: http://jenkins-x-chartmuseum:8080
Adding missing Helm repo: chartmuseum.jenkins-x.io http://chartmuseum.jenkins-x.io
WARNING: No secrets found on "helm/repos" due: reading the secret "helm/repos" from vault: no secret "helm/repos" not found in vault
Read credentials for http://chartmuseum.jenkins-x.io from vault helm/repos
Successfully added Helm repository chartmuseum.jenkins-x.io.
