
Showing logs for build [32mcb-kubecd-environment-pr-199-11-r7f9w-1[0m stage [32mfrom-build-pack[0m and container [32mstep-credential-initializer-wlxnj[0m
{"level":"warn","ts":1586740294.8728368,"logger":"fallback-logger","caller":"logging/config.go:69","msg":"Fetch GitHub commit ID from kodata failed: \"ref: refs/heads/0.8.0-**-support-backwards-incompats\" is not a valid GitHub commit ID"}
{"level":"info","ts":1586740294.8738763,"logger":"fallback-logger","caller":"creds-init/main.go:40","msg":"Credentials initialized."}

Showing logs for build [32mcb-kubecd-environment-pr-199-11-r7f9w-1[0m stage [32mfrom-build-pack[0m and container [32mstep-working-dir-initializer-hrdn4[0m
{"level":"warn","ts":1586740296.4511154,"logger":"fallback-logger","caller":"logging/config.go:69","msg":"Fetch GitHub commit ID from kodata failed: open /var/run/ko/HEAD: no such file or directory"}
{"level":"info","ts":1586740296.4673498,"logger":"fallback-logger","caller":"bash/main.go:64","msg":"Successfully executed command \"sh -c mkdir -p /workspace/source\"; output "}

Showing logs for build [32mcb-kubecd-environment-pr-199-11-r7f9w-1[0m stage [32mfrom-build-pack[0m and container [32mstep-place-tools[0m

Showing logs for build [32mcb-kubecd-environment-pr-199-11-r7f9w-1[0m stage [32mfrom-build-pack[0m and container [32mstep-git-source-cb-kubecd-environment-pr-199-11-r7f9w-spk62[0m
{"level":"warn","ts":1586740304.4089167,"logger":"fallback-logger","caller":"logging/config.go:69","msg":"Fetch GitHub commit ID from kodata failed: \"ref: refs/heads/0.8.0-**-support-backwards-incompats\" is not a valid GitHub commit ID"}
{"level":"info","ts":1586740305.4332929,"logger":"fallback-logger","caller":"git/git.go:103","msg":"Successfully cloned https://github.com/cb-kubecd/environment-pr-199-114-boot-vault-gke-staging.git @ master in path /workspace/source"}

Showing logs for build [32mcb-kubecd-environment-pr-199-11-r7f9w-1[0m stage [32mfrom-build-pack[0m and container [32mstep-git-merge[0m
Using SHAs from PULL_REFS=master:557e6e1a4e08afab3c94694d8865b40709d99277,2:e046254f1a1f61e983ceb1c35d37e81997af337a
DEBUG: LC_ALL=C JX_LOG_LEVEL=error git fetch origin --unshallow e046254f1a1f61e983ceb1c35d37e81997af337a: 557e6e1a4e08afab3c94694d8865b40709d99277:
DEBUG: ran git fetch --unshallow origin e046254f1a1f61e983ceb1c35d37e81997af337a: 557e6e1a4e08afab3c94694d8865b40709d99277: in 
DEBUG: LC_ALL=C JX_LOG_LEVEL=error git branch
DEBUG: LC_ALL=C JX_LOG_LEVEL=error git checkout master
DEBUG: ran git checkout master in 
DEBUG: JX_LOG_LEVEL=error LC_ALL=C git reset --hard 557e6e1a4e08afab3c94694d8865b40709d99277
DEBUG: ran git reset --hard 557e6e1a4e08afab3c94694d8865b40709d99277 in 
DEBUG: LC_ALL=C JX_LOG_LEVEL=error git clean -fd .
DEBUG: ran clean --force -d . in 
DEBUG: LC_ALL=C JX_LOG_LEVEL=error git merge e046254f1a1f61e983ceb1c35d37e81997af337a
DEBUG: ran git merge e046254f1a1f61e983ceb1c35d37e81997af337a in 
DEBUG: LC_ALL=C JX_LOG_LEVEL=error git log --format=%H%x1f%an%x1f%ae%x1f%cn%x1f%ce%x1f%s%n%b%x1e 557e6e1a4e08afab3c94694d8865b40709d99277..HEAD
Merged SHA e046254f1a1f61e983ceb1c35d37e81997af337a with commit message 'chore: Promote bdd-sbhg-1586739840 to version 0.0.1' into base branch master

Showing logs for build [32mcb-kubecd-environment-pr-199-11-r7f9w-1[0m stage [32mfrom-build-pack[0m and container [32mstep-build-helm-build[0m
WARNING: No $CHART_REPOSITORY defined so using the default value of: http://jenkins-x-chartmuseum:8080
Adding missing Helm repo: storage.googleapis.com https://storage.googleapis.com/chartmuseum.jenkins-x.io
WARNING: No secrets found on "helm/repos" due: reading the secret "helm/repos" from vault: no secret "helm/repos" not found in vault
Read credentials for https://storage.googleapis.com/chartmuseum.jenkins-x.io from vault helm/repos
Successfully added Helm repository storage.googleapis.com.
Adding missing Helm repo: jenkins-x-chartmuseum http://jenkins-x-chartmuseum:8080
WARNING: No secrets found on "helm/repos" due: reading the secret "helm/repos" from vault: no secret "helm/repos" not found in vault
Read credentials for http://jenkins-x-chartmuseum:8080 from vault helm/repos
Successfully added Helm repository jenkins-x-chartmuseum.
WARNING: No $CHART_REPOSITORY defined so using the default value of: http://jenkins-x-chartmuseum:8080
Adding missing Helm repo: chartmuseum.jenkins-x.io http://chartmuseum.jenkins-x.io
WARNING: No secrets found on "helm/repos" due: reading the secret "helm/repos" from vault: no secret "helm/repos" not found in vault
Read credentials for http://chartmuseum.jenkins-x.io from vault helm/repos
Successfully added Helm repository chartmuseum.jenkins-x.io.
