
Showing logs for build [32mcb-kubecd-environment-pr-199-11-z9nd7-1[0m stage [32mfrom-build-pack[0m and container [32mstep-credential-initializer-fgxnp[0m
{"level":"warn","ts":1586741296.2311451,"logger":"fallback-logger","caller":"logging/config.go:69","msg":"Fetch GitHub commit ID from kodata failed: \"ref: refs/heads/0.8.0-**-support-backwards-incompats\" is not a valid GitHub commit ID"}
{"level":"info","ts":1586741296.2330432,"logger":"fallback-logger","caller":"creds-init/main.go:40","msg":"Credentials initialized."}

Showing logs for build [32mcb-kubecd-environment-pr-199-11-z9nd7-1[0m stage [32mfrom-build-pack[0m and container [32mstep-working-dir-initializer-klgkn[0m
{"level":"warn","ts":1586741296.6733668,"logger":"fallback-logger","caller":"logging/config.go:69","msg":"Fetch GitHub commit ID from kodata failed: open /var/run/ko/HEAD: no such file or directory"}
{"level":"info","ts":1586741296.6763053,"logger":"fallback-logger","caller":"bash/main.go:64","msg":"Successfully executed command \"sh -c mkdir -p /workspace/source\"; output "}

Showing logs for build [32mcb-kubecd-environment-pr-199-11-z9nd7-1[0m stage [32mfrom-build-pack[0m and container [32mstep-place-tools[0m

Showing logs for build [32mcb-kubecd-environment-pr-199-11-z9nd7-1[0m stage [32mfrom-build-pack[0m and container [32mstep-git-source-cb-kubecd-environment-pr-199-11-z9nd7-jqq8b[0m
{"level":"warn","ts":1586741300.825897,"logger":"fallback-logger","caller":"logging/config.go:69","msg":"Fetch GitHub commit ID from kodata failed: \"ref: refs/heads/0.8.0-**-support-backwards-incompats\" is not a valid GitHub commit ID"}
{"level":"info","ts":1586741301.8350096,"logger":"fallback-logger","caller":"git/git.go:103","msg":"Successfully cloned https://github.com/cb-kubecd/environment-pr-199-114-boot-vault-gke-staging.git @ master in path /workspace/source"}

Showing logs for build [32mcb-kubecd-environment-pr-199-11-z9nd7-1[0m stage [32mfrom-build-pack[0m and container [32mstep-git-merge[0m
Using SHAs from PULL_REFS=master:37b790afde2d1d23c48eeb52de2ec78660e2baeb,3:0210ea2836ce1f1f73ceea3b7d93bf91a4a96ab7
DEBUG: JX_LOG_LEVEL=error LC_ALL=C git fetch origin --unshallow 0210ea2836ce1f1f73ceea3b7d93bf91a4a96ab7: 37b790afde2d1d23c48eeb52de2ec78660e2baeb:
DEBUG: ran git fetch --unshallow origin 0210ea2836ce1f1f73ceea3b7d93bf91a4a96ab7: 37b790afde2d1d23c48eeb52de2ec78660e2baeb: in 
DEBUG: LC_ALL=C JX_LOG_LEVEL=error git branch
DEBUG: LC_ALL=C JX_LOG_LEVEL=error git checkout master
DEBUG: ran git checkout master in 
DEBUG: LC_ALL=C JX_LOG_LEVEL=error git reset --hard 37b790afde2d1d23c48eeb52de2ec78660e2baeb
DEBUG: ran git reset --hard 37b790afde2d1d23c48eeb52de2ec78660e2baeb in 
DEBUG: JX_LOG_LEVEL=error LC_ALL=C git clean -fd .
DEBUG: ran clean --force -d . in 
DEBUG: LC_ALL=C JX_LOG_LEVEL=error git merge 0210ea2836ce1f1f73ceea3b7d93bf91a4a96ab7
DEBUG: ran git merge 0210ea2836ce1f1f73ceea3b7d93bf91a4a96ab7 in 
DEBUG: LC_ALL=C JX_LOG_LEVEL=error git log --format=%H%x1f%an%x1f%ae%x1f%cn%x1f%ce%x1f%s%n%b%x1e 37b790afde2d1d23c48eeb52de2ec78660e2baeb..HEAD
Merged SHA 0210ea2836ce1f1f73ceea3b7d93bf91a4a96ab7 with commit message 'chore: Promote bdd-gh-1586739840 to version 0.0.1' into base branch master

Showing logs for build [32mcb-kubecd-environment-pr-199-11-z9nd7-1[0m stage [32mfrom-build-pack[0m and container [32mstep-build-helm-build[0m
WARNING: No $CHART_REPOSITORY defined so using the default value of: http://jenkins-x-chartmuseum:8080
Adding missing Helm repo: storage.googleapis.com https://storage.googleapis.com/chartmuseum.jenkins-x.io
WARNING: No secrets found on "helm/repos" due: reading the secret "helm/repos" from vault: no secret "helm/repos" not found in vault
Read credentials for https://storage.googleapis.com/chartmuseum.jenkins-x.io from vault helm/repos
Successfully added Helm repository storage.googleapis.com.
Adding missing Helm repo: jenkins-x-chartmuseum http://jenkins-x-chartmuseum:8080
WARNING: No secrets found on "helm/repos" due: reading the secret "helm/repos" from vault: no secret "helm/repos" not found in vault
Read credentials for http://jenkins-x-chartmuseum:8080 from vault helm/repos
Successfully added Helm repository jenkins-x-chartmuseum.
WARNING: No $CHART_REPOSITORY defined so using the default value of: http://jenkins-x-chartmuseum:8080
Adding missing Helm repo: chartmuseum.jenkins-x.io http://chartmuseum.jenkins-x.io
WARNING: No secrets found on "helm/repos" due: reading the secret "helm/repos" from vault: no secret "helm/repos" not found in vault
Read credentials for http://chartmuseum.jenkins-x.io from vault helm/repos
Successfully added Helm repository chartmuseum.jenkins-x.io.
